<?xml version="1.0" encoding="UTF-8"?>
<testsuite name="com.example.sample1spp.SampleBootApp1ApplicationTests" tests="1" skipped="0" failures="0" errors="0" timestamp="2024-02-19T08:38:06" hostname="YISHIHARA-PC" time="1.489">
  <properties/>
  <testcase name="contextLoads()" classname="com.example.sample1spp.SampleBootApp1ApplicationTests" time="1.489"/>
  <system-out><![CDATA[17:38:03.063 [Test worker] INFO org.springframework.test.context.support.AnnotationConfigContextLoaderUtils -- Could not detect default configuration classes for test class [com.example.sample1spp.SampleBootApp1ApplicationTests]: SampleBootApp1ApplicationTests does not declare any static, non-private, non-final, nested classes annotated with @Configuration.
17:38:03.298 [Test worker] INFO org.springframework.boot.test.context.SpringBootTestContextBootstrapper -- Found @SpringBootConfiguration com.example.sample1spp.SampleBootApp1Application for test class com.example.sample1spp.SampleBootApp1ApplicationTests

  .   ____          _            __ _ _
 /\\ / ___'_ __ _ _(_)_ __  __ _ \ \ \ \
( ( )\___ | '_ | '_| | '_ \/ _` | \ \ \ \
 \\/  ___)| |_)| | | | | || (_| |  ) ) ) )
  '  |____| .__|_| |_|_| |_\__, | / / / /
 =========|_|==============|___/=/_/_/_/
 :: Spring Boot ::                (v3.2.2)

2024-02-19T17:38:04.080+09:00  INFO 12540 --- [    Test worker] c.e.s.SampleBootApp1ApplicationTests     : Starting SampleBootApp1ApplicationTests using Java 21.0.2 with PID 12540 (started by yishi in C:\pleiades\2023-12\workspace\SampleBootApp1)
2024-02-19T17:38:04.080+09:00  INFO 12540 --- [    Test worker] c.e.s.SampleBootApp1ApplicationTests     : No active profile set, falling back to 1 default profile: "default"
2024-02-19T17:38:06.724+09:00  INFO 12540 --- [    Test worker] c.e.s.SampleBootApp1ApplicationTests     : Started SampleBootApp1ApplicationTests in 3.076 seconds (process running for 5.38)
]]></system-out>
  <system-err><![CDATA[WARNING: A Java agent has been loaded dynamically (C:\Users\yishi\.gradle\caches\modules-2\files-2.1\net.bytebuddy\byte-buddy-agent\1.14.11\f9cb566608fbac6bc7bf54901a7aa11543a989ee\byte-buddy-agent-1.14.11.jar)
WARNING: If a serviceability tool is in use, please run with -XX:+EnableDynamicAgentLoading to hide this warning
WARNING: If a serviceability tool is not in use, please run with -Djdk.instrument.traceUsage for more information
WARNING: Dynamic loading of agents will be disallowed by default in a future release
]]></system-err>
</testsuite>
